2023-04-13 00:23:52,094 INFO  StartupInfoLogger:55 - [] Starting UserServiceImplTest using Java 17.0.6 on DESKTOP-E3OJFJH with PID 5508 (started by ANURAG in E:\Ecom)
2023-04-13 00:23:52,117 DEBUG StartupInfoLogger:56 - [] Running with Spring Boot v2.7.9, Spring v5.3.25
2023-04-13 00:23:52,119 INFO  SpringApplication:637 - [] The following 1 profile is active: "dev"
2023-04-13 00:26:53,539 INFO  StartupInfoLogger:55 - [] Starting UserServiceImplTest using Java 17.0.6 on DESKTOP-E3OJFJH with PID 8688 (started by ANURAG in E:\Ecom)
2023-04-13 00:26:53,544 DEBUG StartupInfoLogger:56 - [] Running with Spring Boot v2.7.9, Spring v5.3.25
2023-04-13 00:26:53,545 INFO  SpringApplication:637 - [] The following 1 profile is active: "dev"
2023-04-13 13:25:47,607 INFO  StartupInfoLogger:55 - [] Starting UserServiceImplTest using Java 17.0.6 on DESKTOP-E3OJFJH with PID 9024 (started by ANURAG in E:\Ecom)
2023-04-13 13:25:47,634 DEBUG StartupInfoLogger:56 - [] Running with Spring Boot v2.7.9, Spring v5.3.25
2023-04-13 13:25:47,635 INFO  SpringApplication:637 - [] The following 1 profile is active: "dev"
2023-04-13 13:28:48,905 INFO  StartupInfoLogger:55 - [] Starting UserServiceImplTest using Java 17.0.6 on DESKTOP-E3OJFJH with PID 4956 (started by ANURAG in E:\Ecom)
2023-04-13 13:28:48,911 DEBUG StartupInfoLogger:56 - [] Running with Spring Boot v2.7.9, Spring v5.3.25
2023-04-13 13:28:48,913 INFO  SpringApplication:637 - [] The following 1 profile is active: "dev"
2023-04-13 13:29:16,777 INFO  StartupInfoLogger:61 - [] Started UserServiceImplTest in 28.845 seconds (JVM running for 33.852)
2023-04-13 13:29:17,179 INFO  UserServiceImpl:43 - [] Initiating dao call for save user
2023-04-13 13:29:17,234 INFO  UserServiceImpl:49 - [] completed dao call for save user
2023-04-13 13:42:30,419 INFO  StartupInfoLogger:55 - [] Starting UserServiceImplTest using Java 17.0.6 on DESKTOP-E3OJFJH with PID 11116 (started by ANURAG in E:\Ecom)
2023-04-13 13:42:30,452 DEBUG StartupInfoLogger:56 - [] Running with Spring Boot v2.7.9, Spring v5.3.25
2023-04-13 13:42:30,453 INFO  SpringApplication:637 - [] The following 1 profile is active: "dev"
2023-04-13 13:42:46,491 INFO  StartupInfoLogger:61 - [] Started UserServiceImplTest in 17.155 seconds (JVM running for 26.166)
2023-04-13 13:42:46,688 INFO  UserServiceImpl:59 - [] Initiating dao call for update user with userId:1
2023-04-13 13:42:46,791 INFO  UserServiceImpl:70 - [] completed dao call for update user
2023-04-13 13:42:46,796 INFO  UserServiceImpl:59 - [] Initiating dao call for update user with userId:1
2023-04-13 13:42:46,797 INFO  UserServiceImpl:70 - [] completed dao call for update user
2023-04-13 20:04:23,105 INFO  StartupInfoLogger:55 - [] Starting UserServiceImplTest using Java 17.0.6 on DESKTOP-E3OJFJH with PID 6480 (started by ANURAG in E:\Ecom)
2023-04-13 20:04:23,180 DEBUG StartupInfoLogger:56 - [] Running with Spring Boot v2.7.9, Spring v5.3.25
2023-04-13 20:04:23,182 INFO  SpringApplication:637 - [] The following 1 profile is active: "dev"
2023-04-13 20:05:14,374 INFO  StartupInfoLogger:61 - [] Started UserServiceImplTest in 58.718 seconds (JVM running for 69.126)
2023-04-13 20:05:14,868 INFO  UserServiceImpl:59 - [] Initiating dao call for update user with userId:1
2023-04-13 20:05:15,128 INFO  UserServiceImpl:70 - [] completed dao call for update user
2023-04-13 20:05:15,161 INFO  UserServiceImpl:59 - [] Initiating dao call for update user with userId:111
2023-04-13 23:04:43,836 INFO  StartupInfoLogger:55 - [] Starting UserServiceImplTest using Java 17.0.6 on DESKTOP-E3OJFJH with PID 2200 (started by ANURAG in E:\Ecom)
2023-04-13 23:04:43,864 DEBUG StartupInfoLogger:56 - [] Running with Spring Boot v2.7.9, Spring v5.3.25
2023-04-13 23:04:43,866 INFO  SpringApplication:637 - [] The following 1 profile is active: "dev"
2023-04-13 23:06:39,296 INFO  StartupInfoLogger:61 - [] Started UserServiceImplTest in 125.961 seconds (JVM running for 145.616)
2023-04-13 23:06:40,461 INFO  UserServiceImpl:59 - [] Initiating dao call for update user with userId:1
2023-04-13 23:06:40,737 INFO  UserServiceImpl:70 - [] completed dao call for update user
2023-04-13 23:06:40,744 INFO  UserServiceImpl:59 - [] Initiating dao call for update user with userId:111
2023-04-13 23:08:29,236 INFO  StartupInfoLogger:55 - [] Starting UserServiceImplTest using Java 17.0.6 on DESKTOP-E3OJFJH with PID 6728 (started by ANURAG in E:\Ecom)
2023-04-13 23:08:29,242 DEBUG StartupInfoLogger:56 - [] Running with Spring Boot v2.7.9, Spring v5.3.25
2023-04-13 23:08:29,243 INFO  SpringApplication:637 - [] The following 1 profile is active: "dev"
2023-04-13 23:09:01,325 INFO  StartupInfoLogger:61 - [] Started UserServiceImplTest in 33.138 seconds (JVM running for 38.44)
2023-04-13 23:09:02,161 INFO  UserServiceImpl:59 - [] Initiating dao call for update user with userId:1
2023-04-13 23:09:02,552 INFO  UserServiceImpl:70 - [] completed dao call for update user
2023-04-13 23:09:03,104 INFO  UserServiceImpl:59 - [] Initiating dao call for update user with userId:111
2023-04-13 23:09:03,108 INFO  UserServiceImpl:70 - [] completed dao call for update user
2023-04-13 23:09:55,799 INFO  StartupInfoLogger:55 - [] Starting UserServiceImplTest using Java 17.0.6 on DESKTOP-E3OJFJH with PID 5488 (started by ANURAG in E:\Ecom)
2023-04-13 23:09:55,807 DEBUG StartupInfoLogger:56 - [] Running with Spring Boot v2.7.9, Spring v5.3.25
2023-04-13 23:09:55,808 INFO  SpringApplication:637 - [] The following 1 profile is active: "dev"
2023-04-13 23:10:04,814 INFO  StartupInfoLogger:61 - [] Started UserServiceImplTest in 9.662 seconds (JVM running for 12.039)
2023-04-13 23:10:04,908 INFO  UserServiceImpl:59 - [] Initiating dao call for update user with userId:1
2023-04-13 23:10:04,961 INFO  UserServiceImpl:70 - [] completed dao call for update user
2023-04-13 23:10:04,969 INFO  UserServiceImpl:59 - [] Initiating dao call for update user with userId:111
2023-04-13 23:14:20,828 INFO  StartupInfoLogger:55 - [] Starting UserServiceImplTest using Java 17.0.6 on DESKTOP-E3OJFJH with PID 3952 (started by ANURAG in E:\Ecom)
2023-04-13 23:14:20,834 DEBUG StartupInfoLogger:56 - [] Running with Spring Boot v2.7.9, Spring v5.3.25
2023-04-13 23:14:20,835 INFO  SpringApplication:637 - [] The following 1 profile is active: "dev"
2023-04-13 23:14:31,925 INFO  StartupInfoLogger:61 - [] Started UserServiceImplTest in 11.705 seconds (JVM running for 13.979)
2023-04-13 23:14:32,059 INFO  UserServiceImpl:78 - [] Initiating dao call for delete user with userId:1
2023-04-13 23:14:32,081 INFO  UserServiceImpl:97 - [] completed dao call for delete user
2023-04-13 23:56:48,684 INFO  StartupInfoLogger:55 - [] Starting UserServiceImplTest using Java 17.0.6 on DESKTOP-E3OJFJH with PID 1792 (started by ANURAG in E:\Ecom)
2023-04-13 23:56:48,733 DEBUG StartupInfoLogger:56 - [] Running with Spring Boot v2.7.9, Spring v5.3.25
2023-04-13 23:56:48,735 INFO  SpringApplication:637 - [] The following 1 profile is active: "dev"
2023-04-13 23:57:52,442 INFO  StartupInfoLogger:61 - [] Started UserServiceImplTest in 68.534 seconds (JVM running for 87.802)
2023-04-13 23:57:52,954 INFO  UserServiceImpl:127 - [] Initiating dao call for finding all users
2023-04-13 23:57:53,148 INFO  UserServiceImpl:147 - [] Completed dao call for finding all users
